<?xml version='1.0' encoding='UTF-8' ?>
<testsuites tests="1" failures="0" errors="0" skipped="0" time="41.527" timestamp="2026-07-06T10:57:59" hostname="localhost">
  <testsuite name="com.garyapp.ytdl.ui.YtdlAppUiTest" tests="1" failures="0" errors="0" skipped="0" time="39.272" timestamp="2026-07-06T10:57:59" hostname="localhost">
    <properties>
      <property name="device" value="ytdl_api37_play_x86_64(AVD) - 17" />
      <property name="flavor" value="" />
      <property name="project" value=":app" />
    </properties>
    <testcase name="historyCardLoadsThumbnailForInsertedTestRecord" classname="com.garyapp.ytdl.ui.YtdlAppUiTest" time="39.272" />
  </testsuite>
</testsuites>